[E 250830 00:21:13 premarket_scanner:39] An exception occurred for 16045: Couldn't parse the JSON response received from the server: b'Access denied because of exceeding access rate'. Retrying...
[E 250830 00:21:15 premarket_scanner:39] An exception occurred for 16045: Couldn't parse the JSON response received from the server: b'Access denied because of exceeding access rate'. Retrying...
[E 250830 00:21:19 premarket_scanner:39] An exception occurred for 16045: Couldn't parse the JSON response received from the server: b'Access denied because of exceeding access rate'. Retrying...
[E 250830 00:21:27 premarket_scanner:42] Failed to fetch data for token 16045 after 3 retries.
[E 250830 00:21:27 premarket_scanner:39] An exception occurred for 166: Couldn't parse the JSON response received from the server: b'Access denied because of exceeding access rate'. Retrying...
[E 250830 00:21:29 premarket_scanner:39] An exception occurred for 166: Couldn't parse the JSON response received from the server: b'Access denied because of exceeding access rate'. Retrying...
[E 250830 00:21:34 premarket_scanner:39] An exception occurred for 166: Couldn't parse the JSON response received from the server: b'Access denied because of exceeding access rate'. Retrying...
[E 250830 00:21:42 premarket_scanner:42] Failed to fetch data for token 166 after 3 retries.
[E 250830 00:21:42 premarket_scanner:39] An exception occurred for 1628: Couldn't parse the JSON response received from the server: b'Access denied because of exceeding access rate'. Retrying...
[E 250830 00:21:44 premarket_scanner:39] An exception occurred for 1628: Couldn't parse the JSON response received from the server: b'Access denied because of exceeding access rate'. Retrying...
[E 250830 00:21:48 premarket_scanner:39] An exception occurred for 1628: Couldn't parse the JSON response received from the server: b'Access denied because of exceeding access rate'. Retrying...
[E 250830 00:21:56 premarket_scanner:42] Failed to fetch data for token 1628 after 3 retries.
[E 250830 00:21:57 premarket_scanner:39] An exception occurred for 1675: Couldn't parse the JSON response received from the server: b'Access denied because of exceeding access rate'. Retrying...
[E 250830 00:21:59 premarket_scanner:39] An exception occurred for 1675: Couldn't parse the JSON response received from the server: b'Access denied because of exceeding access rate'. Retrying...
[E 250830 00:22:03 premarket_scanner:39] An exception occurred for 1675: Couldn't parse the JSON response received from the server: b'Access denied because of exceeding access rate'. Retrying...
[E 250830 00:22:11 premarket_scanner:42] Failed to fetch data for token 1675 after 3 retries.
[E 250830 00:22:11 premarket_scanner:39] An exception occurred for 16827: Couldn't parse the JSON response received from the server: b'Access denied because of exceeding access rate'. Retrying...
[E 250830 00:22:13 premarket_scanner:39] An exception occurred for 16827: Couldn't parse the JSON response received from the server: b'Access denied because of exceeding access rate'. Retrying...
[E 250830 00:22:18 premarket_scanner:39] An exception occurred for 16827: Couldn't parse the JSON response received from the server: b'Access denied because of exceeding access rate'. Retrying...
[E 250830 00:22:26 premarket_scanner:42] Failed to fetch data for token 16827 after 3 retries.
[E 250830 00:22:26 premarket_scanner:39] An exception occurred for 16921: Couldn't parse the JSON response received from the server: b'Access denied because of exceeding access rate'. Retrying...
[E 250830 00:22:28 premarket_scanner:39] An exception occurred for 16921: Couldn't parse the JSON response received from the server: b'Access denied because of exceeding access rate'. Retrying...
[E 250830 00:22:35 premarket_scanner:39] An exception occurred for 16921: Couldn't parse the JSON response received from the server: b'Access denied because of exceeding access rate'. Retrying...
[E 250830 00:22:43 premarket_scanner:42] Failed to fetch data for token 16921 after 3 retries.
[E 250830 00:22:44 premarket_scanner:39] An exception occurred for 16943: Couldn't parse the JSON response received from the server: b'Access denied because of exceeding access rate'. Retrying...
[E 250830 00:22:46 premarket_scanner:39] An exception occurred for 16943: Couldn't parse the JSON response received from the server: b'Access denied because of exceeding access rate'. Retrying...
[E 250830 00:22:50 premarket_scanner:39] An exception occurred for 16943: Couldn't parse the JSON response received from the server: b'Access denied because of exceeding access rate'. Retrying...
[E 250830 00:22:58 premarket_scanner:42] Failed to fetch data for token 16943 after 3 retries.
[E 250830 00:23:01 premarket_scanner:39] An exception occurred for 16986: Couldn't parse the JSON response received from the server: b'Access denied because of exceeding access rate'. Retrying...
[E 250830 00:23:03 premarket_scanner:39] An exception occurred for 16986: Couldn't parse the JSON response received from the server: b'Access denied because of exceeding access rate'. Retrying...
[E 250830 00:23:08 premarket_scanner:39] An exception occurred for 16986: Couldn't parse the JSON response received from the server: b'Access denied because of exceeding access rate'. Retrying...
[E 250830 00:23:16 premarket_scanner:42] Failed to fetch data for token 16986 after 3 retries.
[E 250830 00:23:16 premarket_scanner:39] An exception occurred for 17187: Couldn't parse the JSON response received from the server: b'Access denied because of exceeding access rate'. Retrying...
[E 250830 00:23:18 premarket_scanner:39] An exception occurred for 17187: Couldn't parse the JSON response received from the server: b'Access denied because of exceeding access rate'. Retrying...
[E 250830 00:23:22 premarket_scanner:39] An exception occurred for 17187: Couldn't parse the JSON response received from the server: b'Access denied because of exceeding access rate'. Retrying...
[E 250830 00:23:30 premarket_scanner:42] Failed to fetch data for token 17187 after 3 retries.
[E 250830 00:23:31 premarket_scanner:39] An exception occurred for 17333: Couldn't parse the JSON response received from the server: b'Access denied because of exceeding access rate'. Retrying...
[E 250830 00:23:33 premarket_scanner:39] An exception occurred for 17333: Couldn't parse the JSON response received from the server: b'Access denied because of exceeding access rate'. Retrying...
[E 250830 00:23:37 premarket_scanner:39] An exception occurred for 17333: Couldn't parse the JSON response received from the server: b'Access denied because of exceeding access rate'. Retrying...
[E 250830 00:23:45 premarket_scanner:42] Failed to fetch data for token 17333 after 3 retries.
[E 250830 00:23:45 premarket_scanner:39] An exception occurred for 17388: Couldn't parse the JSON response received from the server: b'Access denied because of exceeding access rate'. Retrying...
[E 250830 00:23:47 premarket_scanner:39] An exception occurred for 17388: Couldn't parse the JSON response received from the server: b'Access denied because of exceeding access rate'. Retrying...
[E 250830 00:23:51 premarket_scanner:39] An exception occurred for 17388: Couldn't parse the JSON response received from the server: b'Access denied because of exceeding access rate'. Retrying...
[E 250830 00:23:59 premarket_scanner:42] Failed to fetch data for token 17388 after 3 retries.
[E 250830 00:24:00 premarket_scanner:39] An exception occurred for 17424: Couldn't parse the JSON response received from the server: b'Access denied because of exceeding access rate'. Retrying...
[E 250830 00:24:02 premarket_scanner:39] An exception occurred for 17424: Couldn't parse the JSON response received from the server: b'Access denied because of exceeding access rate'. Retrying...
[E 250830 00:24:06 premarket_scanner:39] An exception occurred for 17424: Couldn't parse the JSON response received from the server: b'Access denied because of exceeding access rate'. Retrying...
[E 250830 00:24:14 premarket_scanner:42] Failed to fetch data for token 17424 after 3 retries.
[E 250830 00:24:14 premarket_scanner:39] An exception occurred for 17598: Couldn't parse the JSON response received from the server: b'Access denied because of exceeding access rate'. Retrying...
[E 250830 00:24:17 premarket_scanner:39] An exception occurred for 17598: Couldn't parse the JSON response received from the server: b'Access denied because of exceeding access rate'. Retrying...
[E 250830 00:24:21 premarket_scanner:39] An exception occurred for 17598: Couldn't parse the JSON response received from the server: b'Access denied because of exceeding access rate'. Retrying...
[E 250830 00:24:29 premarket_scanner:42] Failed to fetch data for token 17598 after 3 retries.
[E 250830 00:24:29 premarket_scanner:39] An exception occurred for 17616: Couldn't parse the JSON response received from the server: b'Access denied because of exceeding access rate'. Retrying...
[E 250830 00:24:31 premarket_scanner:39] An exception occurred for 17616: Couldn't parse the JSON response received from the server: b'Access denied because of exceeding access rate'. Retrying...
[E 250830 00:24:35 premarket_scanner:39] An exception occurred for 17616: Couldn't parse the JSON response received from the server: b'Access denied because of exceeding access rate'. Retrying...
[E 250830 00:24:43 premarket_scanner:42] Failed to fetch data for token 17616 after 3 retries.
[E 250830 00:24:44 premarket_scanner:39] An exception occurred for 17778: Couldn't parse the JSON response received from the server: b'Access denied because of exceeding access rate'. Retrying...
[E 250830 00:24:46 premarket_scanner:39] An exception occurred for 17778: Couldn't parse the JSON response received from the server: b'Access denied because of exceeding access rate'. Retrying...
[E 250830 00:24:50 premarket_scanner:39] An exception occurred for 17778: Couldn't parse the JSON response received from the server: b'Access denied because of exceeding access rate'. Retrying...
[E 250830 00:24:58 premarket_scanner:42] Failed to fetch data for token 17778 after 3 retries.
[E 250830 00:24:58 premarket_scanner:39] An exception occurred for 17869: Couldn't parse the JSON response received from the server: b'Access denied because of exceeding access rate'. Retrying...
[E 250830 00:25:00 premarket_scanner:39] An exception occurred for 17869: Couldn't parse the JSON response received from the server: b'Access denied because of exceeding access rate'. Retrying...
[E 250830 00:25:05 premarket_scanner:39] An exception occurred for 17869: Couldn't parse the JSON response received from the server: b'Access denied because of exceeding access rate'. Retrying...
[E 250830 00:25:13 premarket_scanner:42] Failed to fetch data for token 17869 after 3 retries.
[E 250830 00:25:13 premarket_scanner:39] An exception occurred for 17903: Couldn't parse the JSON response received from the server: b'Access denied because of exceeding access rate'. Retrying...
[E 250830 00:25:15 premarket_scanner:39] An exception occurred for 17903: Couldn't parse the JSON response received from the server: b'Access denied because of exceeding access rate'. Retrying...
[E 250830 00:25:19 premarket_scanner:39] An exception occurred for 17903: Couldn't parse the JSON response received from the server: b'Access denied because of exceeding access rate'. Retrying...
[E 250830 00:25:27 premarket_scanner:42] Failed to fetch data for token 17903 after 3 retries.
[E 250830 00:25:28 premarket_scanner:39] An exception occurred for 17927: Couldn't parse the JSON response received from the server: b'Access denied because of exceeding access rate'. Retrying...
[E 250830 00:25:30 premarket_scanner:39] An exception occurred for 17927: Couldn't parse the JSON response received from the server: b'Access denied because of exceeding access rate'. Retrying...
[E 250830 00:25:34 premarket_scanner:39] An exception occurred for 17927: Couldn't parse the JSON response received from the server: b'Access denied because of exceeding access rate'. Retrying...
[E 250830 00:25:42 premarket_scanner:42] Failed to fetch data for token 17927 after 3 retries.
[E 250830 00:25:42 premarket_scanner:39] An exception occurred for 17987: Couldn't parse the JSON response received from the server: b'Access denied because of exceeding access rate'. Retrying...
[E 250830 00:25:44 premarket_scanner:39] An exception occurred for 17987: Couldn't parse the JSON response received from the server: b'Access denied because of exceeding access rate'. Retrying...
[E 250830 00:25:48 premarket_scanner:39] An exception occurred for 17987: Couldn't parse the JSON response received from the server: b'Access denied because of exceeding access rate'. Retrying...
[E 250830 00:25:56 premarket_scanner:42] Failed to fetch data for token 17987 after 3 retries.
[E 250830 00:25:57 premarket_scanner:39] An exception occurred for 18026: Couldn't parse the JSON response received from the server: b'Access denied because of exceeding access rate'. Retrying...
[E 250830 00:25:59 premarket_scanner:39] An exception occurred for 18026: Couldn't parse the JSON response received from the server: b'Access denied because of exceeding access rate'. Retrying...
[E 250830 00:26:03 premarket_scanner:39] An exception occurred for 18026: Couldn't parse the JSON response received from the server: b'Access denied because of exceeding access rate'. Retrying...
[E 250830 00:26:11 premarket_scanner:42] Failed to fetch data for token 18026 after 3 retries.
[E 250830 00:26:11 premarket_scanner:39] An exception occurred for 18029: Couldn't parse the JSON response received from the server: b'Access denied because of exceeding access rate'. Retrying...
[E 250830 00:26:13 premarket_scanner:39] An exception occurred for 18029: Couldn't parse the JSON response received from the server: b'Access denied because of exceeding access rate'. Retrying...
[E 250830 00:26:18 premarket_scanner:39] An exception occurred for 18029: Couldn't parse the JSON response received from the server: b'Access denied because of exceeding access rate'. Retrying...
[E 250830 00:26:26 premarket_scanner:42] Failed to fetch data for token 18029 after 3 retries.
[E 250830 00:26:26 premarket_scanner:39] An exception occurred for 18039: Couldn't parse the JSON response received from the server: b'Access denied because of exceeding access rate'. Retrying...
[E 250830 00:26:28 premarket_scanner:39] An exception occurred for 18039: Couldn't parse the JSON response received from the server: b'Access denied because of exceeding access rate'. Retrying...
[E 250830 00:26:32 premarket_scanner:39] An exception occurred for 18039: Couldn't parse the JSON response received from the server: b'Access denied because of exceeding access rate'. Retrying...
[E 250830 00:26:40 premarket_scanner:42] Failed to fetch data for token 18039 after 3 retries.
[E 250830 00:26:40 premarket_scanner:39] An exception occurred for 1814: Couldn't parse the JSON response received from the server: b'Access denied because of exceeding access rate'. Retrying...
[E 250830 00:26:43 premarket_scanner:39] An exception occurred for 1814: Couldn't parse the JSON response received from the server: b'Access denied because of exceeding access rate'. Retrying...
[E 250830 00:26:47 premarket_scanner:39] An exception occurred for 1814: Couldn't parse the JSON response received from the server: b'Access denied because of exceeding access rate'. Retrying...
[E 250830 00:26:55 premarket_scanner:42] Failed to fetch data for token 1814 after 3 retries.
[E 250830 00:26:55 premarket_scanner:39] An exception occurred for 18124: Couldn't parse the JSON response received from the server: b'Access denied because of exceeding access rate'. Retrying...
[E 250830 00:26:57 premarket_scanner:39] An exception occurred for 18124: Couldn't parse the JSON response received from the server: b'Access denied because of exceeding access rate'. Retrying...
[E 250830 00:27:01 premarket_scanner:39] An exception occurred for 18124: Couldn't parse the JSON response received from the server: b'Access denied because of exceeding access rate'. Retrying...
[E 250830 00:27:09 premarket_scanner:42] Failed to fetch data for token 18124 after 3 retries.
[E 250830 00:27:10 premarket_scanner:39] An exception occurred for 18268: Couldn't parse the JSON response received from the server: b'Access denied because of exceeding access rate'. Retrying...
[E 250830 00:27:12 premarket_scanner:39] An exception occurred for 18268: Couldn't parse the JSON response received from the server: b'Access denied because of exceeding access rate'. Retrying...
[E 250830 00:27:16 premarket_scanner:39] An exception occurred for 18268: Couldn't parse the JSON response received from the server: b'Access denied because of exceeding access rate'. Retrying...
[E 250830 00:27:24 premarket_scanner:42] Failed to fetch data for token 18268 after 3 retries.
[E 250830 00:27:24 premarket_scanner:39] An exception occurred for 18652: Couldn't parse the JSON response received from the server: b'Access denied because of exceeding access rate'. Retrying...
[E 250830 00:27:26 premarket_scanner:39] An exception occurred for 18652: Couldn't parse the JSON response received from the server: b'Access denied because of exceeding access rate'. Retrying...
[E 250830 00:37:19 premarket_scanner:104] Failed to retrieve data for HDFCBANK-EQ on second attempt. Skipping permanently.
[E 250830 00:37:20 premarket_scanner:104] Failed to retrieve data for ONGC-EQ on second attempt. Skipping permanently.
[E 250830 00:37:20 premarket_scanner:104] Failed to retrieve data for ITC-EQ on second attempt. Skipping permanently.
[E 250830 00:37:21 premarket_scanner:104] Failed to retrieve data for ICICIBANK-EQ on second attempt. Skipping permanently.
[E 250830 00:37:21 premarket_scanner:104] Failed to retrieve data for SBIN-EQ on second attempt. Skipping permanently.
[I 250830 00:42:23 websocket_client:62] Connecting to SmartAPI WebSocket...
[I 250830 00:42:23 websocket_client:16] WebSocket connection opened. Subscribing to instruments...
[I 250830 00:42:23 websocket_client:29] Subscribed to 89 tokens in Quote mode.
